<?xml version="1.0" encoding="UTF-8"?>
<testng-results ignored="0" total="2" passed="2" failed="0" skipped="0">
  <reporter-output>
  </reporter-output>
  <suite started-at="2022-09-07T15:27:04 IST" name="Default suite" finished-at="2022-09-07T15:27:15 IST" duration-ms="10754">
    <groups>
    </groups>
    <test started-at="2022-09-07T15:27:04 IST" name="Default test" finished-at="2022-09-07T15:27:15 IST" duration-ms="10754">
      <class name="testCases.LoginValidation">
        <test-method signature="doLogin()[pri:0, instance:testCases.LoginValidation@51c668e3]" started-at="2022-09-07T15:27:04 IST" name="doLogin" finished-at="2022-09-07T15:27:10 IST" duration-ms="5968" status="PASS">
          <reporter-output>
          </reporter-output>
        </test-method> <!-- doLogin -->
        <test-method is-config="true" signature="tearDown()[pri:0, instance:testCases.LoginValidation@51c668e3]" started-at="2022-09-07T15:27:10 IST" name="tearDown" finished-at="2022-09-07T15:27:10 IST" duration-ms="0" status="PASS">
          <reporter-output>
          </reporter-output>
        </test-method> <!-- tearDown -->
        <test-method signature="doLogin1()[pri:0, instance:testCases.LoginValidation@51c668e3]" started-at="2022-09-07T15:27:10 IST" name="doLogin1" finished-at="2022-09-07T15:27:15 IST" duration-ms="4749" status="PASS">
          <reporter-output>
          </reporter-output>
        </test-method> <!-- doLogin1 -->
        <test-method is-config="true" signature="tearDown()[pri:0, instance:testCases.LoginValidation@51c668e3]" started-at="2022-09-07T15:27:15 IST" name="tearDown" finished-at="2022-09-07T15:27:15 IST" duration-ms="0" status="PASS">
          <reporter-output>
          </reporter-output>
        </test-method> <!-- tearDown -->
      </class> <!-- testCases.LoginValidation -->
    </test> <!-- Default test -->
  </suite> <!-- Default suite -->
</testng-results>
